Сборка начата 12.09.2017 13:41:38.
     1>Проект "Z:\ГАСУ 7\Graphic\rozaA_aime\rozaA_aime.vcxproj" в узле 2 (целевые объекты Build).
     1>ClCompile:
         C:\Program Files (x86)\Microsoft Visual Studio 12.0\VC\bin\CL.exe /c /Zi /nologo /W3 /WX- /O2 /Oy- /D WIN32 /D NDEBUG /D _WINDOWS /D _MBCS /Gm- /EHsc /MT /GS /fp:precise /Zc:wchar_t /Zc:forScope /Fo"Release\\" /Fd"Release\vc120.pdb" /Gd /TP /analyze- /errorReport:prompt main.cpp
         main.cpp
     1>z:\гасу 7\graphic\rozaa_aime\main.h(165): warning C4244: аргумент: преобразование "double" в "float", возможна потеря данных
     1>z:\гасу 7\graphic\rozaa_aime\main.h(179): warning C4244: аргумент: преобразование "double" в "float", возможна потеря данных
     1>z:\гасу 7\graphic\rozaa_aime\main.h(189): warning C4244: аргумент: преобразование "double" в "float", возможна потеря данных
     1>z:\гасу 7\graphic\rozaa_aime\main.h(203): warning C4244: =: преобразование "double" в "int", возможна потеря данных
     1>z:\гасу 7\graphic\rozaa_aime\main.h(204): warning C4244: =: преобразование "double" в "int", возможна потеря данных
     1>z:\гасу 7\graphic\rozaa_aime\main.h(208): warning C4244: =: преобразование "double" в "int", возможна потеря данных
     1>z:\гасу 7\graphic\rozaa_aime\main.h(209): warning C4244: =: преобразование "double" в "int", возможна потеря данных
     1>z:\гасу 7\graphic\rozaa_aime\main.h(238): warning C4244: аргумент: преобразование "double" в "int", возможна потеря данных
     1>z:\гасу 7\graphic\rozaa_aime\main.h(405): warning C4715: InitBMP: значение возвращается не при всех путях выполнения
       Link:
         C:\Program Files (x86)\Microsoft Visual Studio 12.0\VC\bin\link.exe /ERRORREPORT:PROMPT /OUT:"Release\rozaA_aime.exe" /INCREMENTAL:NO /NOLOGO kernel32.lib user32.lib gdi32.lib winspool.lib comdlg32.lib advapi32.lib shell32.lib ole32.lib oleaut32.lib uuid.lib odbc32.lib odbccp32.lib /MANIFEST /MANIFESTUAC:"level='asInvoker' uiAccess='false'" /manifest:embed /DEBUG /PDB:"Release\rozaA_aime.pdb" /SUBSYSTEM:WINDOWS /OPT:REF /OPT:ICF /TLBID:1 /DYNAMICBASE /NXCOMPAT /IMPLIB:"Release\rozaA_aime.lib" /MACHINE:X86 /SAFESEH Release\main.obj
         rozaA_aime.vcxproj -> Z:\ГАСУ 7\Graphic\rozaA_aime\Release\rozaA_aime.exe
     1>Сборка проекта "Z:\ГАСУ 7\Graphic\rozaA_aime\rozaA_aime.vcxproj" завершена (целевые объекты Build).

Сборка успешно завершена.

Затраченное время: 00:00:08.24
