Сборка начата 11.09.2017 10:13:01.
     1>Проект "Z:\ГАСУ 7\Graphic\s\graphics_3D\graphics.vcxproj" в узле 2 (целевые объекты Build).
     1>ClCompile:
         C:\Program Files (x86)\Microsoft Visual Studio 12.0\VC\bin\CL.exe /c /Zi /nologo /W3 /WX- /O2 /Oy- /GL /D WIN32 /D NDEBUG /D _WINDOWS /D _MBCS /Gm- /EHsc /MD /GS /fp:precise /Zc:wchar_t /Zc:forScope /Fo"Release\\" /Fd"Release\vc120.pdb" /Gd /TP /analyze- /errorReport:prompt main.cpp
         main.cpp
     1>z:\гасу 7\graphic\s\graphics_3d\main.h(42): warning C4244: =: преобразование "double" в "LONG", возможна потеря данных
     1>z:\гасу 7\graphic\s\graphics_3d\main.h(43): warning C4244: =: преобразование "double" в "LONG", возможна потеря данных
     1>main.cpp(11): warning C4101: t2: неиспользованная локальная переменная
     1>main.cpp(12): warning C4101: clr: неиспользованная локальная переменная
     1>main.cpp(11): warning C4101: t1: неиспользованная локальная переменная
     1>main.cpp(11): warning C4101: t: неиспользованная локальная переменная
     1>main.cpp(47): warning C4305: инициализация: усечение из "double" к "float"
       Link:
         C:\Program Files (x86)\Microsoft Visual Studio 12.0\VC\bin\link.exe /ERRORREPORT:PROMPT /OUT:"Z:\ГАСУ 7\Graphic\s\graphics_3D\Release\graphics.exe" /INCREMENTAL:NO /NOLOGO kernel32.lib user32.lib gdi32.lib winspool.lib comdlg32.lib advapi32.lib shell32.lib ole32.lib oleaut32.lib uuid.lib odbc32.lib odbccp32.lib /MANIFEST /MANIFESTUAC:"level='asInvoker' uiAccess='false'" /manifest:embed /DEBUG /PDB:"Z:\ГАСУ 7\Graphic\s\graphics_3D\Release\graphics.pdb" /SUBSYSTEM:WINDOWS /OPT:REF /OPT:ICF /LTCG /TLBID:1 /DYNAMICBASE /NXCOMPAT /IMPLIB:"Z:\ГАСУ 7\Graphic\s\graphics_3D\Release\graphics.lib" /MACHINE:X86 /SAFESEH Release\main.obj
         Создание кода
         Создание кода завершено
         graphics.vcxproj -> Z:\ГАСУ 7\Graphic\s\graphics_3D\Release\graphics.exe
     1>Сборка проекта "Z:\ГАСУ 7\Graphic\s\graphics_3D\graphics.vcxproj" завершена (целевые объекты Build).

Сборка успешно завершена.

Затраченное время: 00:00:01.29
